<?xml version="1.0" encoding="UTF-8"?>
<!-- Generated by org.testng.reporters.JUnitReportReporter -->
<testsuite hostname="TVDI-024" failures="0" tests="1" name="tests.TestSamples" time="3.088" errors="0" timestamp="2023-02-13T18:45:38 IST" skipped="0">
  <testcase classname="tests.TestSamples" name="test1" time="3.088"/>
  <system-out/>
</testsuite> <!-- tests.TestSamples -->
